  compilation object save succeeded; see d:\szecsi\GraphGame\Projects\gg011-Particles\Shaders\csAdaptiveControlPressure.cso
d:\szecsi\GraphGame\Projects\gg011-Particles\Shaders\csAnimateControlParticles.hlsl(30,23-95): warning X3206: 'mul': implicit truncation of vector type
d:\szecsi\GraphGame\Projects\gg011-Particles\Shaders\csAnimateControlParticles.hlsl(58,20-55): warning X3206: 'mul': implicit truncation of vector type
  
  compilation object save succeeded; see d:\szecsi\GraphGame\Projects\gg011-Particles\Shaders\csAnimateControlParticles.cso
  compilation object save succeeded; see d:\szecsi\GraphGame\Projects\gg011-Particles\Shaders\csCListCompact.cso
  compilation object save succeeded; see d:\szecsi\GraphGame\Projects\gg011-Particles\Shaders\csCListInit.cso
  compilation object save succeeded; see d:\szecsi\GraphGame\Projects\gg011-Particles\Shaders\csCListLength.cso
  compilation object save succeeded; see d:\szecsi\GraphGame\Projects\gg011-Particles\Shaders\csCListSortEven.cso
  compilation object save succeeded; see d:\szecsi\GraphGame\Projects\gg011-Particles\Shaders\csCListSortOdd.cso
d:\szecsi\GraphGame\Projects\gg011-Particles\Shaders\csControlledFluidSimulation.hlsl(16,13-46): warning X3207: Initializer used on a global 'const' variable. This requires setting an external constant. If a literal is desired, use 'static const' instead.
d:\szecsi\GraphGame\Projects\gg011-Particles\Shaders\csControlledFluidSimulation.hlsl(136,9-16): warning X3203: signed/unsigned mismatch, unsigned assumed
d:\szecsi\GraphGame\Projects\gg011-Particles\Shaders\csControlledFluidSimulation.hlsl(152,9-16): warning X3203: signed/unsigned mismatch, unsigned assumed
d:\szecsi\GraphGame\Projects\gg011-Particles\Shaders\csControlledFluidSimulation.hlsl(169,9-16): warning X3203: signed/unsigned mismatch, unsigned assumed
d:\szecsi\GraphGame\Projects\gg011-Particles\Shaders\csControlledFluidSimulation.hlsl(178,13): warning X3078: 'i': loop control variable conflicts with a previous declaration in the outer scope; most recent declaration will be used
d:\szecsi\GraphGame\Projects\gg011-Particles\Shaders\csControlledFluidSimulation.hlsl(180,9-16): warning X3203: signed/unsigned mismatch, unsigned assumed
d:\szecsi\GraphGame\Projects\gg011-Particles\Shaders\csControlledFluidSimulation.hlsl(202,20-48): warning X3203: signed/unsigned mismatch, unsigned assumed
  
  compilation object save succeeded; see d:\szecsi\GraphGame\Projects\gg011-Particles\Shaders\csControlledFluidSimulation.cso
d:\szecsi\GraphGame\Projects\gg011-Particles\Shaders\csFluidSimulation.hlsl(127,9-16): warning X3203: signed/unsigned mismatch, unsigned assumed
d:\szecsi\GraphGame\Projects\gg011-Particles\Shaders\csFluidSimulation.hlsl(143,9-16): warning X3203: signed/unsigned mismatch, unsigned assumed
d:\szecsi\GraphGame\Projects\gg011-Particles\Shaders\csFluidSimulation.hlsl(159,9-16): warning X3203: signed/unsigned mismatch, unsigned assumed
d:\szecsi\GraphGame\Projects\gg011-Particles\Shaders\csFluidSimulation.hlsl(168,13): warning X3078: 'i': loop control variable conflicts with a previous declaration in the outer scope; most recent declaration will be used
d:\szecsi\GraphGame\Projects\gg011-Particles\Shaders\csFluidSimulation.hlsl(170,9-16): warning X3203: signed/unsigned mismatch, unsigned assumed
  
  compilation object save succeeded; see d:\szecsi\GraphGame\Projects\gg011-Particles\Shaders\csFluidSimulation.cso
  compilation object save succeeded; see d:\szecsi\GraphGame\Projects\gg011-Particles\Shaders\csHListBegin.cso
  compilation object save succeeded; see d:\szecsi\GraphGame\Projects\gg011-Particles\Shaders\csHListInit.cso
  compilation object save succeeded; see d:\szecsi\GraphGame\Projects\gg011-Particles\Shaders\csHListLength.cso
  compilation object save succeeded; see d:\szecsi\GraphGame\Projects\gg011-Particles\Shaders\csMortonHash.cso
  compilation object save succeeded; see d:\szecsi\GraphGame\Projects\gg011-Particles\Shaders\csPBDBending.cso
  compilation object save succeeded; see d:\szecsi\GraphGame\Projects\gg011-Particles\Shaders\csPBDCollision.cso
  compilation object save succeeded; see d:\szecsi\GraphGame\Projects\gg011-Particles\Shaders\csPBDDistance.cso
  compilation object save succeeded; see d:\szecsi\GraphGame\Projects\gg011-Particles\Shaders\csPBDFinalUpdate.cso
  compilation object save succeeded; see d:\szecsi\GraphGame\Projects\gg011-Particles\Shaders\csPBDGravity.cso
  compilation object save succeeded; see d:\szecsi\GraphGame\Projects\gg011-Particles\Shaders\csPrefixSum.cso
  compilation object save succeeded; see d:\szecsi\GraphGame\Projects\gg011-Particles\Shaders\csPrefixSumV2.cso
d:\szecsi\GraphGame\Projects\gg011-Particles\Shaders\csRigControlParticles.hlsl(40,11): warning X3078: 'i': loop control variable conflicts with a previous declaration in the outer scope; most recent declaration will be used
d:\szecsi\GraphGame\Projects\gg011-Particles\Shaders\csRigControlParticles.hlsl(52,11): warning X3078: 'i': loop control variable conflicts with a previous declaration in the outer scope; most recent declaration will be used
d:\szecsi\GraphGame\Projects\gg011-Particles\Shaders\csRigControlParticles.hlsl(64,11): warning X3078: 'i': loop control variable conflicts with a previous declaration in the outer scope; most recent declaration will be used
  
  compilation object save succeeded; see d:\szecsi\GraphGame\Projects\gg011-Particles\Shaders\csRigControlParticles.cso
  compilation object save succeeded; see d:\szecsi\GraphGame\Projects\gg011-Particles\Shaders\csScanAddBucketResult.cso
  compilation object save succeeded; see d:\szecsi\GraphGame\Projects\gg011-Particles\Shaders\csScanBucketResult.cso
  compilation object save succeeded; see d:\szecsi\GraphGame\Projects\gg011-Particles\Shaders\csSetBufferForIndirectDispatch.cso
  compilation object save succeeded; see d:\szecsi\GraphGame\Projects\gg011-Particles\Shaders\csSimpleSortEven.cso
  compilation object save succeeded; see d:\szecsi\GraphGame\Projects\gg011-Particles\Shaders\csSimpleSortOdd.cso
  compilation object save succeeded; see d:\szecsi\GraphGame\Projects\gg011-Particles\Shaders\gsBillboard.cso
  compilation object save succeeded; see d:\szecsi\GraphGame\Projects\gg011-Particles\Shaders\psBillboardA.cso
  compilation object save succeeded; see d:\szecsi\GraphGame\Projects\gg011-Particles\Shaders\psBillboard.cso
  compilation object save succeeded; see d:\szecsi\GraphGame\Projects\gg011-Particles\Shaders\psBillboardS1.cso
  compilation object save succeeded; see d:\szecsi\GraphGame\Projects\gg011-Particles\Shaders\psBillboardS2.cso
  compilation object save succeeded; see d:\szecsi\GraphGame\Projects\gg011-Particles\Shaders\psBillboardSV21.cso
  compilation object save succeeded; see d:\szecsi\GraphGame\Projects\gg011-Particles\Shaders\psBillboardSV22.cso
  compilation object save succeeded; see d:\szecsi\GraphGame\Projects\gg011-Particles\Shaders\psControlMeshA.cso
  compilation object save succeeded; see d:\szecsi\GraphGame\Projects\gg011-Particles\Shaders\psControlMeshFill.cso
d:\szecsi\GraphGame\Projects\gg011-Particles\Shaders\metaball.hlsli(360,9-18): warning X3206: implicit truncation of vector type
d:\szecsi\GraphGame\Projects\gg011-Particles\Shaders\metaball.hlsli(399,13-51): warning X3206: implicit truncation of vector type
d:\szecsi\GraphGame\Projects\gg011-Particles\Shaders\metaball.hlsli(400,27-47): warning X3206: 'dot': implicit truncation of vector type
d:\szecsi\GraphGame\Projects\gg011-Particles\Shaders\metaball.hlsli(400,13-66): warning X3206: implicit truncation of vector type
d:\szecsi\GraphGame\Projects\gg011-Particles\Shaders\metaball.hlsli(401,13-109): warning X3206: implicit truncation of vector type
d:\szecsi\GraphGame\Projects\gg011-Particles\Shaders\metaball.hlsli(402,20-64): warning X3206: implicit truncation of vector type
d:\szecsi\GraphGame\Projects\gg011-Particles\Shaders\metaball.hlsli(407,13-57): warning X3206: implicit truncation of vector type
  compilation object save succeeded; see d:\szecsi\GraphGame\Projects\gg011-Particles\Shaders\psControlParticleBall.cso
d:\szecsi\GraphGame\Projects\gg011-Particles\Shaders\metaball.hlsli(430,2-28): warning X3206: implicit truncation of vector type
d:\szecsi\GraphGame\Projects\gg011-Particles\Shaders\metaball.hlsli(465,20-53): warning X3203: signed/unsigned mismatch, unsigned assumed
d:\szecsi\GraphGame\Projects\gg011-Particles\Shaders\metaball.hlsli(531,5-64): warning X3206: implicit truncation of vector type
d:\szecsi\GraphGame\Projects\gg011-Particles\Shaders\metaball.hlsli(536,4-63): warning X3206: implicit truncation of vector type
d:\szecsi\GraphGame\Projects\gg011-Particles\Shaders\psControlParticleBall.hlsl(14,18-46): warning X3203: signed/unsigned mismatch, unsigned assumed
d:\szecsi\GraphGame\Projects\gg011-Particles\Shaders\psControlParticleBall.hlsl(28,18-46): warning X3203: signed/unsigned mismatch, unsigned assumed
d:\szecsi\GraphGame\Projects\gg011-Particles\Shaders\psControlParticleBall.hlsl(71,9-18): warning X3206: implicit truncation of vector type
d:\szecsi\GraphGame\Projects\gg011-Particles\Shaders\psControlParticleBall.hlsl(32,14-18): warning X3556: integer modulus may be much slower, try using uints if possible.
  
  compilation object save succeeded; see d:\szecsi\GraphGame\Projects\gg011-Particles\Shaders\psFlat.cso
  compilation object save succeeded; see d:\szecsi\GraphGame\Projects\gg011-Particles\Shaders\psIdle.cso
d:\szecsi\GraphGame\Projects\gg011-Particles\Shaders\metaball.hlsli(360,9-18): warning X3206: implicit truncation of vector type
d:\szecsi\GraphGame\Projects\gg011-Particles\Shaders\metaball.hlsli(399,13-51): warning X3206: implicit truncation of vector type
d:\szecsi\GraphGame\Projects\gg011-Particles\Shaders\metaball.hlsli(400,27-47): warning X3206: 'dot': implicit truncation of vector type
d:\szecsi\GraphGame\Projects\gg011-Particles\Shaders\metaball.hlsli(400,13-66): warning X3206: implicit truncation of vector type
d:\szecsi\GraphGame\Projects\gg011-Particles\Shaders\metaball.hlsli(401,13-109): warning X3206: implicit truncation of vector type
d:\szecsi\GraphGame\Projects\gg011-Particles\Shaders\metaball.hlsli(402,20-64): warning X3206: implicit truncation of vector type
d:\szecsi\GraphGame\Projects\gg011-Particles\Shaders\metaball.hlsli(407,13-57): warning X3206: implicit truncation of vector type
d:\szecsi\GraphGame\Projects\gg011-Particles\Shaders\metaball.hlsli(430,2-28): warning X3206: implicit truncation of vector type
d:\szecsi\GraphGame\Projects\gg011-Particles\Shaders\metaball.hlsli(465,20-53): warning X3203: signed/unsigned mismatch, unsigned assumed
d:\szecsi\GraphGame\Projects\gg011-Particles\Shaders\metaball.hlsli(531,5-64): warning X3206: implicit truncation of vector type
d:\szecsi\GraphGame\Projects\gg011-Particles\Shaders\metaball.hlsli(536,4-63): warning X3206: implicit truncation of vector type
d:\szecsi\GraphGame\Projects\gg011-Particles\Shaders\metaball.hlsli(116,3): warning X4000: use of potentially uninitialized variable (accOut)
d:\szecsi\GraphGame\Projects\gg011-Particles\Shaders\metaball.hlsli(121,3): warning X4000: use of potentially uninitialized variable (IMetaballTester::testFunction)
d:\szecsi\GraphGame\Projects\gg011-Particles\Shaders\metaballABuffer.hlsli(54,3): warning X4000: use of potentially uninitialized variable (IMetaballVisualizer::callMetaballTestFunction)
d:\szecsi\GraphGame\Projects\gg011-Particles\Shaders\metaball.hlsli(151,3): warning X4000: use of potentially uninitialized variable (accOut)
d:\szecsi\GraphGame\Projects\gg011-Particles\Shaders\metaball.hlsli(156,3): warning X4000: use of potentially uninitialized variable (IMetaballTester::testFunction)
d:\szecsi\GraphGame\Projects\gg011-Particles\Shaders\metaball.hlsli(177,3): warning X4000: use of potentially uninitialized variable (accOut)
d:\szecsi\GraphGame\Projects\gg011-Particles\Shaders\metaball.hlsli(182,3): warning X4000: use of potentially uninitialized variable (IMetaballTester::testFunction)
d:\szecsi\GraphGame\Projects\gg011-Particles\Shaders\metaball.hlsli(92,26): warning X4000: use of potentially uninitialized variable (accOut)
d:\szecsi\GraphGame\Projects\gg011-Particles\Shaders\metaball.hlsli(96,3): warning X4000: use of potentially uninitialized variable (IMetaballTester::testFunction)
d:\szecsi\GraphGame\Projects\gg011-Particles\Shaders\metaball.hlsli(116,3): warning X4000: use of potentially uninitialized variable (accOut)
d:\szecsi\GraphGame\Projects\gg011-Particles\Shaders\metaball.hlsli(121,3): warning X4000: use of potentially uninitialized variable (IMetaballTester::testFunction)
d:\szecsi\GraphGame\Projects\gg011-Particles\Shaders\metaballABuffer.hlsli(54,3): warning X4000: use of potentially uninitialized variable (IMetaballVisualizer::callMetaballTestFunction)
d:\szecsi\GraphGame\Projects\gg011-Particles\Shaders\metaball.hlsli(151,3): warning X4000: use of potentially uninitialized variable (accOut)
d:\szecsi\GraphGame\Projects\gg011-Particles\Shaders\metaball.hlsli(156,3): warning X4000: use of potentially uninitialized variable (IMetaballTester::testFunction)
d:\szecsi\GraphGame\Projects\gg011-Particles\Shaders\metaball.hlsli(177,3): warning X4000: use of potentially uninitialized variable (accOut)
d:\szecsi\GraphGame\Projects\gg011-Particles\Shaders\metaball.hlsli(182,3): warning X4000: use of potentially uninitialized variable (IMetaballTester::testFunction)
d:\szecsi\GraphGame\Projects\gg011-Particles\Shaders\metaball.hlsli(92,26): warning X4000: use of potentially uninitialized variable (accOut)
d:\szecsi\GraphGame\Projects\gg011-Particles\Shaders\metaball.hlsli(96,3): warning X4000: use of potentially uninitialized variable (IMetaballTester::testFunction)
d:\szecsi\GraphGame\Projects\gg011-Particles\Shaders\metaball.hlsli(415,2): warning X4000: use of potentially uninitialized variable (CalculateColor_Gradient)
  
  compilation object save succeeded; see d:\szecsi\GraphGame\Projects\gg011-Particles\Shaders\psMetaballABufferGradient.cso
d:\szecsi\GraphGame\Projects\gg011-Particles\Shaders\metaball.hlsli(360,9-18): warning X3206: implicit truncation of vector type
d:\szecsi\GraphGame\Projects\gg011-Particles\Shaders\metaball.hlsli(399,13-51): warning X3206: implicit truncation of vector type
d:\szecsi\GraphGame\Projects\gg011-Particles\Shaders\metaball.hlsli(400,27-47): warning X3206: 'dot': implicit truncation of vector type
d:\szecsi\GraphGame\Projects\gg011-Particles\Shaders\metaball.hlsli(400,13-66): warning X3206: implicit truncation of vector type
d:\szecsi\GraphGame\Projects\gg011-Particles\Shaders\metaball.hlsli(401,13-109): warning X3206: implicit truncation of vector type
d:\szecsi\GraphGame\Projects\gg011-Particles\Shaders\metaball.hlsli(402,20-64): warning X3206: implicit truncation of vector type
d:\szecsi\GraphGame\Projects\gg011-Particles\Shaders\metaball.hlsli(407,13-57): warning X3206: implicit truncation of vector type
d:\szecsi\GraphGame\Projects\gg011-Particles\Shaders\metaball.hlsli(430,2-28): warning X3206: implicit truncation of vector type
d:\szecsi\GraphGame\Projects\gg011-Particles\Shaders\metaball.hlsli(465,20-53): warning X3203: signed/unsigned mismatch, unsigned assumed
d:\szecsi\GraphGame\Projects\gg011-Particles\Shaders\metaball.hlsli(531,5-64): warning X3206: implicit truncation of vector type
d:\szecsi\GraphGame\Projects\gg011-Particles\Shaders\metaball.hlsli(536,4-63): warning X3206: implicit truncation of vector type
d:\szecsi\GraphGame\Projects\gg011-Particles\Shaders\metaball.hlsli(116,3): warning X4000: use of potentially uninitialized variable (accOut)
d:\szecsi\GraphGame\Projects\gg011-Particles\Shaders\metaball.hlsli(121,3): warning X4000: use of potentially uninitialized variable (IMetaballTester::testFunction)
d:\szecsi\GraphGame\Projects\gg011-Particles\Shaders\metaballABuffer.hlsli(54,3): warning X4000: use of potentially uninitialized variable (IMetaballVisualizer::callMetaballTestFunction)
d:\szecsi\GraphGame\Projects\gg011-Particles\Shaders\metaball.hlsli(151,3): warning X4000: use of potentially uninitialized variable (accOut)
d:\szecsi\GraphGame\Projects\gg011-Particles\Shaders\metaball.hlsli(156,3): warning X4000: use of potentially uninitialized variable (IMetaballTester::testFunction)
d:\szecsi\GraphGame\Projects\gg011-Particles\Shaders\metaball.hlsli(177,3): warning X4000: use of potentially uninitialized variable (accOut)
d:\szecsi\GraphGame\Projects\gg011-Particles\Shaders\metaball.hlsli(182,3): warning X4000: use of potentially uninitialized variable (IMetaballTester::testFunction)
d:\szecsi\GraphGame\Projects\gg011-Particles\Shaders\metaball.hlsli(92,26): warning X4000: use of potentially uninitialized variable (accOut)
d:\szecsi\GraphGame\Projects\gg011-Particles\Shaders\metaball.hlsli(96,3): warning X4000: use of potentially uninitialized variable (IMetaballTester::testFunction)
d:\szecsi\GraphGame\Projects\gg011-Particles\Shaders\metaball.hlsli(116,3): warning X4000: use of potentially uninitialized variable (accOut)
  compilation object save succeeded; see d:\szecsi\GraphGame\Projects\gg011-Particles\Shaders\psMetaballABufferRealistic.cso
d:\szecsi\GraphGame\Projects\gg011-Particles\Shaders\metaball.hlsli(121,3): warning X4000: use of potentially uninitialized variable (IMetaballTester::testFunction)
d:\szecsi\GraphGame\Projects\gg011-Particles\Shaders\metaballABuffer.hlsli(54,3): warning X4000: use of potentially uninitialized variable (IMetaballVisualizer::callMetaballTestFunction)
d:\szecsi\GraphGame\Projects\gg011-Particles\Shaders\metaball.hlsli(151,3): warning X4000: use of potentially uninitialized variable (accOut)
d:\szecsi\GraphGame\Projects\gg011-Particles\Shaders\metaball.hlsli(156,3): warning X4000: use of potentially uninitialized variable (IMetaballTester::testFunction)
d:\szecsi\GraphGame\Projects\gg011-Particles\Shaders\metaball.hlsli(177,3): warning X4000: use of potentially uninitialized variable (accOut)
d:\szecsi\GraphGame\Projects\gg011-Particles\Shaders\metaball.hlsli(182,3): warning X4000: use of potentially uninitialized variable (IMetaballTester::testFunction)
d:\szecsi\GraphGame\Projects\gg011-Particles\Shaders\metaball.hlsli(92,26): warning X4000: use of potentially uninitialized variable (accOut)
d:\szecsi\GraphGame\Projects\gg011-Particles\Shaders\metaball.hlsli(96,3): warning X4000: use of potentially uninitialized variable (IMetaballTester::testFunction)
d:\szecsi\GraphGame\Projects\gg011-Particles\Shaders\metaball.hlsli(116,3): warning X4000: use of potentially uninitialized variable (accOut)
d:\szecsi\GraphGame\Projects\gg011-Particles\Shaders\metaball.hlsli(121,3): warning X4000: use of potentially uninitialized variable (IMetaballTester::testFunction)
d:\szecsi\GraphGame\Projects\gg011-Particles\Shaders\metaballABuffer.hlsli(54,3): warning X4000: use of potentially uninitialized variable (IMetaballVisualizer::callMetaballTestFunction)
d:\szecsi\GraphGame\Projects\gg011-Particles\Shaders\metaball.hlsli(151,3): warning X4000: use of potentially uninitialized variable (accOut)
d:\szecsi\GraphGame\Projects\gg011-Particles\Shaders\metaball.hlsli(156,3): warning X4000: use of potentially uninitialized variable (IMetaballTester::testFunction)
d:\szecsi\GraphGame\Projects\gg011-Particles\Shaders\metaball.hlsli(177,3): warning X4000: use of potentially uninitialized variable (accOut)
d:\szecsi\GraphGame\Projects\gg011-Particles\Shaders\metaball.hlsli(182,3): warning X4000: use of potentially uninitialized variable (IMetaballTester::testFunction)
d:\szecsi\GraphGame\Projects\gg011-Particles\Shaders\metaball.hlsli(92,26): warning X4000: use of potentially uninitialized variable (accOut)
d:\szecsi\GraphGame\Projects\gg011-Particles\Shaders\metaball.hlsli(96,3): warning X4000: use of potentially uninitialized variable (IMetaballTester::testFunction)
d:\szecsi\GraphGame\Projects\gg011-Particles\Shaders\metaball.hlsli(214,24): warning X4000: use of potentially uninitialized variable (Fresnel)
  
d:\szecsi\GraphGame\Projects\gg011-Particles\Shaders\metaball.hlsli(360,9-18): warning X3206: implicit truncation of vector type
d:\szecsi\GraphGame\Projects\gg011-Particles\Shaders\metaball.hlsli(399,13-51): warning X3206: implicit truncation of vector type
d:\szecsi\GraphGame\Projects\gg011-Particles\Shaders\metaball.hlsli(400,27-47): warning X3206: 'dot': implicit truncation of vector type
d:\szecsi\GraphGame\Projects\gg011-Particles\Shaders\metaball.hlsli(400,13-66): warning X3206: implicit truncation of vector type
d:\szecsi\GraphGame\Projects\gg011-Particles\Shaders\metaball.hlsli(401,13-109): warning X3206: implicit truncation of vector type
d:\szecsi\GraphGame\Projects\gg011-Particles\Shaders\metaball.hlsli(402,20-64): warning X3206: implicit truncation of vector type
d:\szecsi\GraphGame\Projects\gg011-Particles\Shaders\metaball.hlsli(407,13-57): warning X3206: implicit truncation of vector type
d:\szecsi\GraphGame\Projects\gg011-Particles\Shaders\metaball.hlsli(430,2-28): warning X3206: implicit truncation of vector type
d:\szecsi\GraphGame\Projects\gg011-Particles\Shaders\metaball.hlsli(465,20-53): warning X3203: signed/unsigned mismatch, unsigned assumed
d:\szecsi\GraphGame\Projects\gg011-Particles\Shaders\metaball.hlsli(531,5-64): warning X3206: implicit truncation of vector type
d:\szecsi\GraphGame\Projects\gg011-Particles\Shaders\metaball.hlsli(536,4-63): warning X3206: implicit truncation of vector type
d:\szecsi\GraphGame\Projects\gg011-Particles\Shaders\metaball.hlsli(116,3): warning X4000: use of potentially uninitialized variable (accOut)
d:\szecsi\GraphGame\Projects\gg011-Particles\Shaders\metaball.hlsli(121,3): warning X4000: use of potentially uninitialized variable (IMetaballTester::testFunction)
d:\szecsi\GraphGame\Projects\gg011-Particles\Shaders\metaballHashSimple.hlsli(183,3): warning X4000: use of potentially uninitialized variable (IMetaballVisualizer::callMetaballTestFunction)
  compilation object save succeeded; see d:\szecsi\GraphGame\Projects\gg011-Particles\Shaders\psMetaballHashSimpleGradient.cso
d:\szecsi\GraphGame\Projects\gg011-Particles\Shaders\metaball.hlsli(151,3): warning X4000: use of potentially uninitialized variable (accOut)
d:\szecsi\GraphGame\Projects\gg011-Particles\Shaders\metaball.hlsli(156,3): warning X4000: use of potentially uninitialized variable (IMetaballTester::testFunction)
d:\szecsi\GraphGame\Projects\gg011-Particles\Shaders\metaball.hlsli(177,3): warning X4000: use of potentially uninitialized variable (accOut)
d:\szecsi\GraphGame\Projects\gg011-Particles\Shaders\metaball.hlsli(182,3): warning X4000: use of potentially uninitialized variable (IMetaballTester::testFunction)
d:\szecsi\GraphGame\Projects\gg011-Particles\Shaders\metaball.hlsli(92,26): warning X4000: use of potentially uninitialized variable (accOut)
d:\szecsi\GraphGame\Projects\gg011-Particles\Shaders\metaball.hlsli(96,3): warning X4000: use of potentially uninitialized variable (IMetaballTester::testFunction)
d:\szecsi\GraphGame\Projects\gg011-Particles\Shaders\metaball.hlsli(116,3): warning X4000: use of potentially uninitialized variable (accOut)
d:\szecsi\GraphGame\Projects\gg011-Particles\Shaders\metaball.hlsli(121,3): warning X4000: use of potentially uninitialized variable (IMetaballTester::testFunction)
d:\szecsi\GraphGame\Projects\gg011-Particles\Shaders\metaballHashSimple.hlsli(183,3): warning X4000: use of potentially uninitialized variable (IMetaballVisualizer::callMetaballTestFunction)
d:\szecsi\GraphGame\Projects\gg011-Particles\Shaders\metaball.hlsli(151,3): warning X4000: use of potentially uninitialized variable (accOut)
d:\szecsi\GraphGame\Projects\gg011-Particles\Shaders\metaball.hlsli(156,3): warning X4000: use of potentially uninitialized variable (IMetaballTester::testFunction)
d:\szecsi\GraphGame\Projects\gg011-Particles\Shaders\metaball.hlsli(177,3): warning X4000: use of potentially uninitialized variable (accOut)
d:\szecsi\GraphGame\Projects\gg011-Particles\Shaders\metaball.hlsli(182,3): warning X4000: use of potentially uninitialized variable (IMetaballTester::testFunction)
d:\szecsi\GraphGame\Projects\gg011-Particles\Shaders\metaball.hlsli(92,26): warning X4000: use of potentially uninitialized variable (accOut)
d:\szecsi\GraphGame\Projects\gg011-Particles\Shaders\metaball.hlsli(96,3): warning X4000: use of potentially uninitialized variable (IMetaballTester::testFunction)
d:\szecsi\GraphGame\Projects\gg011-Particles\Shaders\metaball.hlsli(415,2): warning X4000: use of potentially uninitialized variable (CalculateColor_Gradient)
  
d:\szecsi\GraphGame\Projects\gg011-Particles\Shaders\metaball.hlsli(360,9-18): warning X3206: implicit truncation of vector type
d:\szecsi\GraphGame\Projects\gg011-Particles\Shaders\metaball.hlsli(399,13-51): warning X3206: implicit truncation of vector type
d:\szecsi\GraphGame\Projects\gg011-Particles\Shaders\metaball.hlsli(400,27-47): warning X3206: 'dot': implicit truncation of vector type
d:\szecsi\GraphGame\Projects\gg011-Particles\Shaders\metaball.hlsli(400,13-66): warning X3206: implicit truncation of vector type
d:\szecsi\GraphGame\Projects\gg011-Particles\Shaders\metaball.hlsli(401,13-109): warning X3206: implicit truncation of vector type
d:\szecsi\GraphGame\Projects\gg011-Particles\Shaders\metaball.hlsli(402,20-64): warning X3206: implicit truncation of vector type
d:\szecsi\GraphGame\Projects\gg011-Particles\Shaders\metaball.hlsli(407,13-57): warning X3206: implicit truncation of vector type
d:\szecsi\GraphGame\Projects\gg011-Particles\Shaders\metaball.hlsli(430,2-28): warning X3206: implicit truncation of vector type
d:\szecsi\GraphGame\Projects\gg011-Particles\Shaders\metaball.hlsli(465,20-53): warning X3203: signed/unsigned mismatch, unsigned assumed
d:\szecsi\GraphGame\Projects\gg011-Particles\Shaders\metaball.hlsli(531,5-64): warning X3206: implicit truncation of vector type
d:\szecsi\GraphGame\Projects\gg011-Particles\Shaders\metaball.hlsli(536,4-63): warning X3206: implicit truncation of vector type
d:\szecsi\GraphGame\Projects\gg011-Particles\Shaders\metaball.hlsli(116,3): warning X4000: use of potentially uninitialized variable (accOut)
d:\szecsi\GraphGame\Projects\gg011-Particles\Shaders\metaball.hlsli(121,3): warning X4000: use of potentially uninitialized variable (IMetaballTester::testFunction)
d:\szecsi\GraphGame\Projects\gg011-Particles\Shaders\metaballHashSimple.hlsli(183,3): warning X4000: use of potentially uninitialized variable (IMetaballVisualizer::callMetaballTestFunction)
  compilation object save succeeded; see d:\szecsi\GraphGame\Projects\gg011-Particles\Shaders\psMetaballHashSimpleRealistic.cso
d:\szecsi\GraphGame\Projects\gg011-Particles\Shaders\metaball.hlsli(151,3): warning X4000: use of potentially uninitialized variable (accOut)
d:\szecsi\GraphGame\Projects\gg011-Particles\Shaders\metaball.hlsli(156,3): warning X4000: use of potentially uninitialized variable (IMetaballTester::testFunction)
d:\szecsi\GraphGame\Projects\gg011-Particles\Shaders\metaball.hlsli(177,3): warning X4000: use of potentially uninitialized variable (accOut)
d:\szecsi\GraphGame\Projects\gg011-Particles\Shaders\metaball.hlsli(182,3): warning X4000: use of potentially uninitialized variable (IMetaballTester::testFunction)
d:\szecsi\GraphGame\Projects\gg011-Particles\Shaders\metaball.hlsli(92,26): warning X4000: use of potentially uninitialized variable (accOut)
d:\szecsi\GraphGame\Projects\gg011-Particles\Shaders\metaball.hlsli(96,3): warning X4000: use of potentially uninitialized variable (IMetaballTester::testFunction)
d:\szecsi\GraphGame\Projects\gg011-Particles\Shaders\metaball.hlsli(116,3): warning X4000: use of potentially uninitialized variable (accOut)
d:\szecsi\GraphGame\Projects\gg011-Particles\Shaders\metaball.hlsli(121,3): warning X4000: use of potentially uninitialized variable (IMetaballTester::testFunction)
d:\szecsi\GraphGame\Projects\gg011-Particles\Shaders\metaballHashSimple.hlsli(183,3): warning X4000: use of potentially uninitialized variable (IMetaballVisualizer::callMetaballTestFunction)
d:\szecsi\GraphGame\Projects\gg011-Particles\Shaders\metaball.hlsli(151,3): warning X4000: use of potentially uninitialized variable (accOut)
d:\szecsi\GraphGame\Projects\gg011-Particles\Shaders\metaball.hlsli(156,3): warning X4000: use of potentially uninitialized variable (IMetaballTester::testFunction)
d:\szecsi\GraphGame\Projects\gg011-Particles\Shaders\metaball.hlsli(177,3): warning X4000: use of potentially uninitialized variable (accOut)
d:\szecsi\GraphGame\Projects\gg011-Particles\Shaders\metaball.hlsli(182,3): warning X4000: use of potentially uninitialized variable (IMetaballTester::testFunction)
d:\szecsi\GraphGame\Projects\gg011-Particles\Shaders\metaball.hlsli(92,26): warning X4000: use of potentially uninitialized variable (accOut)
d:\szecsi\GraphGame\Projects\gg011-Particles\Shaders\metaball.hlsli(96,3): warning X4000: use of potentially uninitialized variable (IMetaballTester::testFunction)
d:\szecsi\GraphGame\Projects\gg011-Particles\Shaders\metaball.hlsli(116,3): warning X4000: use of potentially uninitialized variable (accOut)
d:\szecsi\GraphGame\Projects\gg011-Particles\Shaders\metaball.hlsli(121,3): warning X4000: use of potentially uninitialized variable (IMetaballTester::testFunction)
d:\szecsi\GraphGame\Projects\gg011-Particles\Shaders\metaballHashSimple.hlsli(183,3): warning X4000: use of potentially uninitialized variable (IMetaballVisualizer::callMetaballTestFunction)
d:\szecsi\GraphGame\Projects\gg011-Particles\Shaders\metaball.hlsli(151,3): warning X4000: use of potentially uninitialized variable (accOut)
d:\szecsi\GraphGame\Projects\gg011-Particles\Shaders\metaball.hlsli(156,3): warning X4000: use of potentially uninitialized variable (IMetaballTester::testFunction)
d:\szecsi\GraphGame\Projects\gg011-Particles\Shaders\metaball.hlsli(177,3): warning X4000: use of potentially uninitialized variable (accOut)
d:\szecsi\GraphGame\Projects\gg011-Particles\Shaders\metaball.hlsli(182,3): warning X4000: use of potentially uninitialized variable (IMetaballTester::testFunction)
d:\szecsi\GraphGame\Projects\gg011-Particles\Shaders\metaball.hlsli(92,26): warning X4000: use of potentially uninitialized variable (accOut)
d:\szecsi\GraphGame\Projects\gg011-Particles\Shaders\metaball.hlsli(96,3): warning X4000: use of potentially uninitialized variable (IMetaballTester::testFunction)
d:\szecsi\GraphGame\Projects\gg011-Particles\Shaders\metaball.hlsli(214,24): warning X4000: use of potentially uninitialized variable (Fresnel)
  
d:\szecsi\GraphGame\Projects\gg011-Particles\Shaders\metaball.hlsli(360,9-18): warning X3206: implicit truncation of vector type
d:\szecsi\GraphGame\Projects\gg011-Particles\Shaders\metaball.hlsli(399,13-51): warning X3206: implicit truncation of vector type
d:\szecsi\GraphGame\Projects\gg011-Particles\Shaders\metaball.hlsli(400,27-47): warning X3206: 'dot': implicit truncation of vector type
d:\szecsi\GraphGame\Projects\gg011-Particles\Shaders\metaball.hlsli(400,13-66): warning X3206: implicit truncation of vector type
d:\szecsi\GraphGame\Projects\gg011-Particles\Shaders\metaball.hlsli(401,13-109): warning X3206: implicit truncation of vector type
d:\szecsi\GraphGame\Projects\gg011-Particles\Shaders\metaball.hlsli(402,20-64): warning X3206: implicit truncation of vector type
d:\szecsi\GraphGame\Projects\gg011-Particles\Shaders\metaball.hlsli(407,13-57): warning X3206: implicit truncation of vector type
d:\szecsi\GraphGame\Projects\gg011-Particles\Shaders\metaball.hlsli(430,2-28): warning X3206: implicit truncation of vector type
d:\szecsi\GraphGame\Projects\gg011-Particles\Shaders\metaball.hlsli(465,20-53): warning X3203: signed/unsigned mismatch, unsigned assumed
d:\szecsi\GraphGame\Projects\gg011-Particles\Shaders\metaball.hlsli(531,5-64): warning X3206: implicit truncation of vector type
d:\szecsi\GraphGame\Projects\gg011-Particles\Shaders\metaball.hlsli(536,4-63): warning X3206: implicit truncation of vector type
d:\szecsi\GraphGame\Projects\gg011-Particles\Shaders\metaball.hlsli(116,3): warning X4000: use of potentially uninitialized variable (accOut)
d:\szecsi\GraphGame\Projects\gg011-Particles\Shaders\metaball.hlsli(121,3): warning X4000: use of potentially uninitialized variable (IMetaballTester::testFunction)
d:\szecsi\GraphGame\Projects\gg011-Particles\Shaders\metaball.hlsli(315,3): warning X4000: use of potentially uninitialized variable (IMetaballVisualizer::callMetaballTestFunction)
d:\szecsi\GraphGame\Projects\gg011-Particles\Shaders\metaball.hlsli(151,3): warning X4000: use of potentially uninitialized variable (accOut)
d:\szecsi\GraphGame\Projects\gg011-Particles\Shaders\metaball.hlsli(156,3): warning X4000: use of potentially uninitialized variable (IMetaballTester::testFunction)
d:\szecsi\GraphGame\Projects\gg011-Particles\Shaders\metaball.hlsli(177,3): warning X4000: use of potentially uninitialized variable (accOut)
d:\szecsi\GraphGame\Projects\gg011-Particles\Shaders\metaball.hlsli(182,3): warning X4000: use of potentially uninitialized variable (IMetaballTester::testFunction)
d:\szecsi\GraphGame\Projects\gg011-Particles\Shaders\metaball.hlsli(92,26): warning X4000: use of potentially uninitialized variable (accOut)
d:\szecsi\GraphGame\Projects\gg011-Particles\Shaders\metaball.hlsli(96,3): warning X4000: use of potentially uninitialized variable (IMetaballTester::testFunction)
d:\szecsi\GraphGame\Projects\gg011-Particles\Shaders\metaball.hlsli(116,3): warning X4000: use of potentially uninitialized variable (accOut)
d:\szecsi\GraphGame\Projects\gg011-Particles\Shaders\metaball.hlsli(121,3): warning X4000: use of potentially uninitialized variable (IMetaballTester::testFunction)
d:\szecsi\GraphGame\Projects\gg011-Particles\Shaders\metaball.hlsli(315,3): warning X4000: use of potentially uninitialized variable (IMetaballVisualizer::callMetaballTestFunction)
d:\szecsi\GraphGame\Projects\gg011-Particles\Shaders\metaball.hlsli(151,3): warning X4000: use of potentially uninitialized variable (accOut)
d:\szecsi\GraphGame\Projects\gg011-Particles\Shaders\metaball.hlsli(156,3): warning X4000: use of potentially uninitialized variable (IMetaballTester::testFunction)
d:\szecsi\GraphGame\Projects\gg011-Particles\Shaders\metaball.hlsli(177,3): warning X4000: use of potentially uninitialized variable (accOut)
d:\szecsi\GraphGame\Projects\gg011-Particles\Shaders\metaball.hlsli(182,3): warning X4000: use of potentially uninitialized variable (IMetaballTester::testFunction)
  compilation object save succeeded; see d:\szecsi\GraphGame\Projects\gg011-Particles\Shaders\psMetaballNormalGradient.cso
d:\szecsi\GraphGame\Projects\gg011-Particles\Shaders\metaball.hlsli(92,26): warning X4000: use of potentially uninitialized variable (accOut)
d:\szecsi\GraphGame\Projects\gg011-Particles\Shaders\metaball.hlsli(96,3): warning X4000: use of potentially uninitialized variable (IMetaballTester::testFunction)
d:\szecsi\GraphGame\Projects\gg011-Particles\Shaders\metaball.hlsli(415,2): warning X4000: use of potentially uninitialized variable (CalculateColor_Gradient)
  
d:\szecsi\GraphGame\Projects\gg011-Particles\Shaders\metaball.hlsli(360,9-18): warning X3206: implicit truncation of vector type
d:\szecsi\GraphGame\Projects\gg011-Particles\Shaders\metaball.hlsli(399,13-51): warning X3206: implicit truncation of vector type
d:\szecsi\GraphGame\Projects\gg011-Particles\Shaders\metaball.hlsli(400,27-47): warning X3206: 'dot': implicit truncation of vector type
d:\szecsi\GraphGame\Projects\gg011-Particles\Shaders\metaball.hlsli(400,13-66): warning X3206: implicit truncation of vector type
d:\szecsi\GraphGame\Projects\gg011-Particles\Shaders\metaball.hlsli(401,13-109): warning X3206: implicit truncation of vector type
d:\szecsi\GraphGame\Projects\gg011-Particles\Shaders\metaball.hlsli(402,20-64): warning X3206: implicit truncation of vector type
d:\szecsi\GraphGame\Projects\gg011-Particles\Shaders\metaball.hlsli(407,13-57): warning X3206: implicit truncation of vector type
d:\szecsi\GraphGame\Projects\gg011-Particles\Shaders\metaball.hlsli(430,2-28): warning X3206: implicit truncation of vector type
d:\szecsi\GraphGame\Projects\gg011-Particles\Shaders\metaball.hlsli(465,20-53): warning X3203: signed/unsigned mismatch, unsigned assumed
d:\szecsi\GraphGame\Projects\gg011-Particles\Shaders\metaball.hlsli(531,5-64): warning X3206: implicit truncation of vector type
d:\szecsi\GraphGame\Projects\gg011-Particles\Shaders\metaball.hlsli(536,4-63): warning X3206: implicit truncation of vector type
d:\szecsi\GraphGame\Projects\gg011-Particles\Shaders\metaball.hlsli(116,3): warning X4000: use of potentially uninitialized variable (accOut)
d:\szecsi\GraphGame\Projects\gg011-Particles\Shaders\metaball.hlsli(121,3): warning X4000: use of potentially uninitialized variable (IMetaballTester::testFunction)
d:\szecsi\GraphGame\Projects\gg011-Particles\Shaders\metaball.hlsli(315,3): warning X4000: use of potentially uninitialized variable (IMetaballVisualizer::callMetaballTestFunction)
d:\szecsi\GraphGame\Projects\gg011-Particles\Shaders\metaball.hlsli(151,3): warning X4000: use of potentially uninitialized variable (accOut)
d:\szecsi\GraphGame\Projects\gg011-Particles\Shaders\metaball.hlsli(156,3): warning X4000: use of potentially uninitialized variable (IMetaballTester::testFunction)
d:\szecsi\GraphGame\Projects\gg011-Particles\Shaders\metaball.hlsli(177,3): warning X4000: use of potentially uninitialized variable (accOut)
d:\szecsi\GraphGame\Projects\gg011-Particles\Shaders\metaball.hlsli(182,3): warning X4000: use of potentially uninitialized variable (IMetaballTester::testFunction)
d:\szecsi\GraphGame\Projects\gg011-Particles\Shaders\metaball.hlsli(92,26): warning X4000: use of potentially uninitialized variable (accOut)
d:\szecsi\GraphGame\Projects\gg011-Particles\Shaders\metaball.hlsli(96,3): warning X4000: use of potentially uninitialized variable (IMetaballTester::testFunction)
d:\szecsi\GraphGame\Projects\gg011-Particles\Shaders\metaball.hlsli(116,3): warning X4000: use of potentially uninitialized variable (accOut)
  compilation object save succeeded; see d:\szecsi\GraphGame\Projects\gg011-Particles\Shaders\psMetaballNormalRealistic.cso
d:\szecsi\GraphGame\Projects\gg011-Particles\Shaders\metaball.hlsli(121,3): warning X4000: use of potentially uninitialized variable (IMetaballTester::testFunction)
d:\szecsi\GraphGame\Projects\gg011-Particles\Shaders\metaball.hlsli(315,3): warning X4000: use of potentially uninitialized variable (IMetaballVisualizer::callMetaballTestFunction)
d:\szecsi\GraphGame\Projects\gg011-Particles\Shaders\metaball.hlsli(151,3): warning X4000: use of potentially uninitialized variable (accOut)
d:\szecsi\GraphGame\Projects\gg011-Particles\Shaders\metaball.hlsli(156,3): warning X4000: use of potentially uninitialized variable (IMetaballTester::testFunction)
d:\szecsi\GraphGame\Projects\gg011-Particles\Shaders\metaball.hlsli(177,3): warning X4000: use of potentially uninitialized variable (accOut)
d:\szecsi\GraphGame\Projects\gg011-Particles\Shaders\metaball.hlsli(182,3): warning X4000: use of potentially uninitialized variable (IMetaballTester::testFunction)
d:\szecsi\GraphGame\Projects\gg011-Particles\Shaders\metaball.hlsli(92,26): warning X4000: use of potentially uninitialized variable (accOut)
d:\szecsi\GraphGame\Projects\gg011-Particles\Shaders\metaball.hlsli(96,3): warning X4000: use of potentially uninitialized variable (IMetaballTester::testFunction)
d:\szecsi\GraphGame\Projects\gg011-Particles\Shaders\metaball.hlsli(116,3): warning X4000: use of potentially uninitialized variable (accOut)
d:\szecsi\GraphGame\Projects\gg011-Particles\Shaders\metaball.hlsli(121,3): warning X4000: use of potentially uninitialized variable (IMetaballTester::testFunction)
d:\szecsi\GraphGame\Projects\gg011-Particles\Shaders\metaball.hlsli(315,3): warning X4000: use of potentially uninitialized variable (IMetaballVisualizer::callMetaballTestFunction)
d:\szecsi\GraphGame\Projects\gg011-Particles\Shaders\metaball.hlsli(151,3): warning X4000: use of potentially uninitialized variable (accOut)
d:\szecsi\GraphGame\Projects\gg011-Particles\Shaders\metaball.hlsli(156,3): warning X4000: use of potentially uninitialized variable (IMetaballTester::testFunction)
d:\szecsi\GraphGame\Projects\gg011-Particles\Shaders\metaball.hlsli(177,3): warning X4000: use of potentially uninitialized variable (accOut)
d:\szecsi\GraphGame\Projects\gg011-Particles\Shaders\metaball.hlsli(182,3): warning X4000: use of potentially uninitialized variable (IMetaballTester::testFunction)
d:\szecsi\GraphGame\Projects\gg011-Particles\Shaders\metaball.hlsli(92,26): warning X4000: use of potentially uninitialized variable (accOut)
d:\szecsi\GraphGame\Projects\gg011-Particles\Shaders\metaball.hlsli(96,3): warning X4000: use of potentially uninitialized variable (IMetaballTester::testFunction)
d:\szecsi\GraphGame\Projects\gg011-Particles\Shaders\metaball.hlsli(214,24): warning X4000: use of potentially uninitialized variable (Fresnel)
  
d:\szecsi\GraphGame\Projects\gg011-Particles\Shaders\metaball.hlsli(360,9-18): warning X3206: implicit truncation of vector type
d:\szecsi\GraphGame\Projects\gg011-Particles\Shaders\metaball.hlsli(399,13-51): warning X3206: implicit truncation of vector type
d:\szecsi\GraphGame\Projects\gg011-Particles\Shaders\metaball.hlsli(400,27-47): warning X3206: 'dot': implicit truncation of vector type
d:\szecsi\GraphGame\Projects\gg011-Particles\Shaders\metaball.hlsli(400,13-66): warning X3206: implicit truncation of vector type
d:\szecsi\GraphGame\Projects\gg011-Particles\Shaders\metaball.hlsli(401,13-109): warning X3206: implicit truncation of vector type
d:\szecsi\GraphGame\Projects\gg011-Particles\Shaders\metaball.hlsli(402,20-64): warning X3206: implicit truncation of vector type
d:\szecsi\GraphGame\Projects\gg011-Particles\Shaders\metaball.hlsli(407,13-57): warning X3206: implicit truncation of vector type
  compilation object save succeeded; see d:\szecsi\GraphGame\Projects\gg011-Particles\Shaders\psMetaballS2BufferGradient.cso
d:\szecsi\GraphGame\Projects\gg011-Particles\Shaders\metaball.hlsli(430,2-28): warning X3206: implicit truncation of vector type
d:\szecsi\GraphGame\Projects\gg011-Particles\Shaders\metaball.hlsli(465,20-53): warning X3203: signed/unsigned mismatch, unsigned assumed
d:\szecsi\GraphGame\Projects\gg011-Particles\Shaders\metaball.hlsli(531,5-64): warning X3206: implicit truncation of vector type
d:\szecsi\GraphGame\Projects\gg011-Particles\Shaders\metaball.hlsli(536,4-63): warning X3206: implicit truncation of vector type
d:\szecsi\GraphGame\Projects\gg011-Particles\Shaders\metaballSBuffer.hlsli(82,25-34): warning X3203: signed/unsigned mismatch, unsigned assumed
d:\szecsi\GraphGame\Projects\gg011-Particles\Shaders\metaballSBuffer.hlsli(110,25-34): warning X3203: signed/unsigned mismatch, unsigned assumed
d:\szecsi\GraphGame\Projects\gg011-Particles\Shaders\metaball.hlsli(390,21-80): warning X4008: floating point division by zero
d:\szecsi\GraphGame\Projects\gg011-Particles\Shaders\metaball.hlsli(390,21-80): warning X4008: floating point division by zero
d:\szecsi\GraphGame\Projects\gg011-Particles\Shaders\metaball.hlsli(390,21-80): warning X4008: floating point division by zero
d:\szecsi\GraphGame\Projects\gg011-Particles\Shaders\metaball.hlsli(116,3): warning X4000: use of potentially uninitialized variable (accOut)
d:\szecsi\GraphGame\Projects\gg011-Particles\Shaders\metaball.hlsli(121,3): warning X4000: use of potentially uninitialized variable (IMetaballTester::testFunction)
d:\szecsi\GraphGame\Projects\gg011-Particles\Shaders\metaballSBuffer.hlsli(162,3): warning X4000: use of potentially uninitialized variable (IMetaballVisualizer::callMetaballTestFunction)
d:\szecsi\GraphGame\Projects\gg011-Particles\Shaders\metaball.hlsli(151,3): warning X4000: use of potentially uninitialized variable (accOut)
d:\szecsi\GraphGame\Projects\gg011-Particles\Shaders\metaball.hlsli(156,3): warning X4000: use of potentially uninitialized variable (IMetaballTester::testFunction)
d:\szecsi\GraphGame\Projects\gg011-Particles\Shaders\metaball.hlsli(177,3): warning X4000: use of potentially uninitialized variable (accOut)
d:\szecsi\GraphGame\Projects\gg011-Particles\Shaders\metaball.hlsli(182,3): warning X4000: use of potentially uninitialized variable (IMetaballTester::testFunction)
d:\szecsi\GraphGame\Projects\gg011-Particles\Shaders\metaball.hlsli(116,3): warning X4000: use of potentially uninitialized variable (accOut)
d:\szecsi\GraphGame\Projects\gg011-Particles\Shaders\metaball.hlsli(121,3): warning X4000: use of potentially uninitialized variable (IMetaballTester::testFunction)
d:\szecsi\GraphGame\Projects\gg011-Particles\Shaders\metaballSBuffer.hlsli(162,3): warning X4000: use of potentially uninitialized variable (IMetaballVisualizer::callMetaballTestFunction)
d:\szecsi\GraphGame\Projects\gg011-Particles\Shaders\metaball.hlsli(151,3): warning X4000: use of potentially uninitialized variable (accOut)
d:\szecsi\GraphGame\Projects\gg011-Particles\Shaders\metaball.hlsli(156,3): warning X4000: use of potentially uninitialized variable (IMetaballTester::testFunction)
d:\szecsi\GraphGame\Projects\gg011-Particles\Shaders\metaball.hlsli(177,3): warning X4000: use of potentially uninitialized variable (accOut)
d:\szecsi\GraphGame\Projects\gg011-Particles\Shaders\metaball.hlsli(182,3): warning X4000: use of potentially uninitialized variable (IMetaballTester::testFunction)
d:\szecsi\GraphGame\Projects\gg011-Particles\Shaders\metaball.hlsli(415,2): warning X4000: use of potentially uninitialized variable (CalculateColor_Gradient)
d:\szecsi\GraphGame\Projects\gg011-Particles\Shaders\metaball.hlsli(390,21-80): warning X4008: floating point division by zero
d:\szecsi\GraphGame\Projects\gg011-Particles\Shaders\metaball.hlsli(390,21-80): warning X4008: floating point division by zero
d:\szecsi\GraphGame\Projects\gg011-Particles\Shaders\metaball.hlsli(390,21-80): warning X4008: floating point division by zero
d:\szecsi\GraphGame\Projects\gg011-Particles\Shaders\metaball.hlsli(390,21-80): warning X4008: floating point division by zero
  
d:\szecsi\GraphGame\Projects\gg011-Particles\Shaders\metaball.hlsli(360,9-18): warning X3206: implicit truncation of vector type
d:\szecsi\GraphGame\Projects\gg011-Particles\Shaders\metaball.hlsli(399,13-51): warning X3206: implicit truncation of vector type
d:\szecsi\GraphGame\Projects\gg011-Particles\Shaders\metaball.hlsli(400,27-47): warning X3206: 'dot': implicit truncation of vector type
d:\szecsi\GraphGame\Projects\gg011-Particles\Shaders\metaball.hlsli(400,13-66): warning X3206: implicit truncation of vector type
d:\szecsi\GraphGame\Projects\gg011-Particles\Shaders\metaball.hlsli(401,13-109): warning X3206: implicit truncation of vector type
d:\szecsi\GraphGame\Projects\gg011-Particles\Shaders\metaball.hlsli(402,20-64): warning X3206: implicit truncation of vector type
d:\szecsi\GraphGame\Projects\gg011-Particles\Shaders\metaball.hlsli(407,13-57): warning X3206: implicit truncation of vector type
d:\szecsi\GraphGame\Projects\gg011-Particles\Shaders\metaball.hlsli(430,2-28): warning X3206: implicit truncation of vector type
d:\szecsi\GraphGame\Projects\gg011-Particles\Shaders\metaball.hlsli(465,20-53): warning X3203: signed/unsigned mismatch, unsigned assumed
d:\szecsi\GraphGame\Projects\gg011-Particles\Shaders\metaball.hlsli(531,5-64): warning X3206: implicit truncation of vector type
d:\szecsi\GraphGame\Projects\gg011-Particles\Shaders\metaball.hlsli(536,4-63): warning X3206: implicit truncation of vector type
d:\szecsi\GraphGame\Projects\gg011-Particles\Shaders\metaballSBuffer.hlsli(82,25-34): warning X3203: signed/unsigned mismatch, unsigned assumed
d:\szecsi\GraphGame\Projects\gg011-Particles\Shaders\metaballSBuffer.hlsli(110,25-34): warning X3203: signed/unsigned mismatch, unsigned assumed
  
  compilation object save succeeded; see d:\szecsi\GraphGame\Projects\gg011-Particles\Shaders\psMetaballS2BufferRealistic.cso
d:\szecsi\GraphGame\Projects\gg011-Particles\Shaders\metaball.hlsli(360,9-18): warning X3206: implicit truncation of vector type
d:\szecsi\GraphGame\Projects\gg011-Particles\Shaders\metaball.hlsli(399,13-51): warning X3206: implicit truncation of vector type
d:\szecsi\GraphGame\Projects\gg011-Particles\Shaders\metaball.hlsli(400,27-47): warning X3206: 'dot': implicit truncation of vector type
d:\szecsi\GraphGame\Projects\gg011-Particles\Shaders\metaball.hlsli(400,13-66): warning X3206: implicit truncation of vector type
d:\szecsi\GraphGame\Projects\gg011-Particles\Shaders\metaball.hlsli(401,13-109): warning X3206: implicit truncation of vector type
d:\szecsi\GraphGame\Projects\gg011-Particles\Shaders\metaball.hlsli(402,20-64): warning X3206: implicit truncation of vector type
d:\szecsi\GraphGame\Projects\gg011-Particles\Shaders\metaball.hlsli(407,13-57): warning X3206: implicit truncation of vector type
d:\szecsi\GraphGame\Projects\gg011-Particles\Shaders\metaball.hlsli(430,2-28): warning X3206: implicit truncation of vector type
d:\szecsi\GraphGame\Projects\gg011-Particles\Shaders\metaball.hlsli(465,20-53): warning X3203: signed/unsigned mismatch, unsigned assumed
d:\szecsi\GraphGame\Projects\gg011-Particles\Shaders\metaball.hlsli(531,5-64): warning X3206: implicit truncation of vector type
d:\szecsi\GraphGame\Projects\gg011-Particles\Shaders\metaball.hlsli(536,4-63): warning X3206: implicit truncation of vector type
d:\szecsi\GraphGame\Projects\gg011-Particles\Shaders\metaballSBuffer.hlsli(82,25-34): warning X3203: signed/unsigned mismatch, unsigned assumed
d:\szecsi\GraphGame\Projects\gg011-Particles\Shaders\metaballSBuffer.hlsli(110,25-34): warning X3203: signed/unsigned mismatch, unsigned assumed
d:\szecsi\GraphGame\Projects\gg011-Particles\Shaders\metaball.hlsli(116,3): warning X4000: use of potentially uninitialized variable (accOut)
  compilation object save succeeded; see d:\szecsi\GraphGame\Projects\gg011-Particles\Shaders\psMetaballSBufferGradient.cso
d:\szecsi\GraphGame\Projects\gg011-Particles\Shaders\metaball.hlsli(121,3): warning X4000: use of potentially uninitialized variable (IMetaballTester::testFunction)
d:\szecsi\GraphGame\Projects\gg011-Particles\Shaders\metaballSBuffer.hlsli(126,3): warning X4000: use of potentially uninitialized variable (IMetaballVisualizer::callMetaballTestFunction)
d:\szecsi\GraphGame\Projects\gg011-Particles\Shaders\metaball.hlsli(151,3): warning X4000: use of potentially uninitialized variable (accOut)
d:\szecsi\GraphGame\Projects\gg011-Particles\Shaders\metaball.hlsli(156,3): warning X4000: use of potentially uninitialized variable (IMetaballTester::testFunction)
d:\szecsi\GraphGame\Projects\gg011-Particles\Shaders\metaball.hlsli(177,3): warning X4000: use of potentially uninitialized variable (accOut)
d:\szecsi\GraphGame\Projects\gg011-Particles\Shaders\metaball.hlsli(182,3): warning X4000: use of potentially uninitialized variable (IMetaballTester::testFunction)
d:\szecsi\GraphGame\Projects\gg011-Particles\Shaders\metaball.hlsli(92,26): warning X4000: use of potentially uninitialized variable (accOut)
d:\szecsi\GraphGame\Projects\gg011-Particles\Shaders\metaball.hlsli(96,3): warning X4000: use of potentially uninitialized variable (IMetaballTester::testFunction)
d:\szecsi\GraphGame\Projects\gg011-Particles\Shaders\metaball.hlsli(116,3): warning X4000: use of potentially uninitialized variable (accOut)
d:\szecsi\GraphGame\Projects\gg011-Particles\Shaders\metaball.hlsli(121,3): warning X4000: use of potentially uninitialized variable (IMetaballTester::testFunction)
d:\szecsi\GraphGame\Projects\gg011-Particles\Shaders\metaballSBuffer.hlsli(126,3): warning X4000: use of potentially uninitialized variable (IMetaballVisualizer::callMetaballTestFunction)
d:\szecsi\GraphGame\Projects\gg011-Particles\Shaders\metaball.hlsli(151,3): warning X4000: use of potentially uninitialized variable (accOut)
d:\szecsi\GraphGame\Projects\gg011-Particles\Shaders\metaball.hlsli(156,3): warning X4000: use of potentially uninitialized variable (IMetaballTester::testFunction)
d:\szecsi\GraphGame\Projects\gg011-Particles\Shaders\metaball.hlsli(177,3): warning X4000: use of potentially uninitialized variable (accOut)
d:\szecsi\GraphGame\Projects\gg011-Particles\Shaders\metaball.hlsli(182,3): warning X4000: use of potentially uninitialized variable (IMetaballTester::testFunction)
d:\szecsi\GraphGame\Projects\gg011-Particles\Shaders\metaball.hlsli(92,26): warning X4000: use of potentially uninitialized variable (accOut)
d:\szecsi\GraphGame\Projects\gg011-Particles\Shaders\metaball.hlsli(96,3): warning X4000: use of potentially uninitialized variable (IMetaballTester::testFunction)
d:\szecsi\GraphGame\Projects\gg011-Particles\Shaders\metaball.hlsli(415,2): warning X4000: use of potentially uninitialized variable (CalculateColor_Gradient)
  
d:\szecsi\GraphGame\Projects\gg011-Particles\Shaders\metaball.hlsli(360,9-18): warning X3206: implicit truncation of vector type
d:\szecsi\GraphGame\Projects\gg011-Particles\Shaders\metaball.hlsli(399,13-51): warning X3206: implicit truncation of vector type
d:\szecsi\GraphGame\Projects\gg011-Particles\Shaders\metaball.hlsli(400,27-47): warning X3206: 'dot': implicit truncation of vector type
d:\szecsi\GraphGame\Projects\gg011-Particles\Shaders\metaball.hlsli(400,13-66): warning X3206: implicit truncation of vector type
d:\szecsi\GraphGame\Projects\gg011-Particles\Shaders\metaball.hlsli(401,13-109): warning X3206: implicit truncation of vector type
d:\szecsi\GraphGame\Projects\gg011-Particles\Shaders\metaball.hlsli(402,20-64): warning X3206: implicit truncation of vector type
d:\szecsi\GraphGame\Projects\gg011-Particles\Shaders\metaball.hlsli(407,13-57): warning X3206: implicit truncation of vector type
d:\szecsi\GraphGame\Projects\gg011-Particles\Shaders\metaball.hlsli(430,2-28): warning X3206: implicit truncation of vector type
d:\szecsi\GraphGame\Projects\gg011-Particles\Shaders\metaball.hlsli(465,20-53): warning X3203: signed/unsigned mismatch, unsigned assumed
d:\szecsi\GraphGame\Projects\gg011-Particles\Shaders\metaball.hlsli(531,5-64): warning X3206: implicit truncation of vector type
d:\szecsi\GraphGame\Projects\gg011-Particles\Shaders\metaball.hlsli(536,4-63): warning X3206: implicit truncation of vector type
d:\szecsi\GraphGame\Projects\gg011-Particles\Shaders\metaballSBuffer.hlsli(82,25-34): warning X3203: signed/unsigned mismatch, unsigned assumed
d:\szecsi\GraphGame\Projects\gg011-Particles\Shaders\metaballSBuffer.hlsli(110,25-34): warning X3203: signed/unsigned mismatch, unsigned assumed
d:\szecsi\GraphGame\Projects\gg011-Particles\Shaders\metaball.hlsli(116,3): warning X4000: use of potentially uninitialized variable (accOut)
d:\szecsi\GraphGame\Projects\gg011-Particles\Shaders\metaball.hlsli(121,3): warning X4000: use of potentially uninitialized variable (IMetaballTester::testFunction)
d:\szecsi\GraphGame\Projects\gg011-Particles\Shaders\metaballSBuffer.hlsli(126,3): warning X4000: use of potentially uninitialized variable (IMetaballVisualizer::callMetaballTestFunction)
d:\szecsi\GraphGame\Projects\gg011-Particles\Shaders\metaball.hlsli(151,3): warning X4000: use of potentially uninitialized variable (accOut)
d:\szecsi\GraphGame\Projects\gg011-Particles\Shaders\metaball.hlsli(156,3): warning X4000: use of potentially uninitialized variable (IMetaballTester::testFunction)
d:\szecsi\GraphGame\Projects\gg011-Particles\Shaders\metaball.hlsli(177,3): warning X4000: use of potentially uninitialized variable (accOut)
d:\szecsi\GraphGame\Projects\gg011-Particles\Shaders\metaball.hlsli(182,3): warning X4000: use of potentially uninitialized variable (IMetaballTester::testFunction)
d:\szecsi\GraphGame\Projects\gg011-Particles\Shaders\metaball.hlsli(92,26): warning X4000: use of potentially uninitialized variable (accOut)
d:\szecsi\GraphGame\Projects\gg011-Particles\Shaders\metaball.hlsli(96,3): warning X4000: use of potentially uninitialized variable (IMetaballTester::testFunction)
d:\szecsi\GraphGame\Projects\gg011-Particles\Shaders\metaball.hlsli(116,3): warning X4000: use of potentially uninitialized variable (accOut)
d:\szecsi\GraphGame\Projects\gg011-Particles\Shaders\metaball.hlsli(121,3): warning X4000: use of potentially uninitialized variable (IMetaballTester::testFunction)
d:\szecsi\GraphGame\Projects\gg011-Particles\Shaders\metaballSBuffer.hlsli(126,3): warning X4000: use of potentially uninitialized variable (IMetaballVisualizer::callMetaballTestFunction)
d:\szecsi\GraphGame\Projects\gg011-Particles\Shaders\metaball.hlsli(151,3): warning X4000: use of potentially uninitialized variable (accOut)
d:\szecsi\GraphGame\Projects\gg011-Particles\Shaders\metaball.hlsli(156,3): warning X4000: use of potentially uninitialized variable (IMetaballTester::testFunction)
d:\szecsi\GraphGame\Projects\gg011-Particles\Shaders\metaball.hlsli(177,3): warning X4000: use of potentially uninitialized variable (accOut)
d:\szecsi\GraphGame\Projects\gg011-Particles\Shaders\metaball.hlsli(182,3): warning X4000: use of potentially uninitialized variable (IMetaballTester::testFunction)
d:\szecsi\GraphGame\Projects\gg011-Particles\Shaders\metaball.hlsli(92,26): warning X4000: use of potentially uninitialized variable (accOut)
d:\szecsi\GraphGame\Projects\gg011-Particles\Shaders\metaball.hlsli(96,3): warning X4000: use of potentially uninitialized variable (IMetaballTester::testFunction)
d:\szecsi\GraphGame\Projects\gg011-Particles\Shaders\metaball.hlsli(116,3): warning X4000: use of potentially uninitialized variable (accOut)
d:\szecsi\GraphGame\Projects\gg011-Particles\Shaders\metaball.hlsli(121,3): warning X4000: use of potentially uninitialized variable (IMetaballTester::testFunction)
d:\szecsi\GraphGame\Projects\gg011-Particles\Shaders\metaballSBuffer.hlsli(126,3): warning X4000: use of potentially uninitialized variable (IMetaballVisualizer::callMetaballTestFunction)
d:\szecsi\GraphGame\Projects\gg011-Particles\Shaders\metaball.hlsli(151,3): warning X4000: use of potentially uninitialized variable (accOut)
d:\szecsi\GraphGame\Projects\gg011-Particles\Shaders\metaball.hlsli(156,3): warning X4000: use of potentially uninitialized variable (IMetaballTester::testFunction)
d:\szecsi\GraphGame\Projects\gg011-Particles\Shaders\metaball.hlsli(177,3): warning X4000: use of potentially uninitialized variable (accOut)
d:\szecsi\GraphGame\Projects\gg011-Particles\Shaders\metaball.hlsli(182,3): warning X4000: use of potentially uninitialized variable (IMetaballTester::testFunction)
d:\szecsi\GraphGame\Projects\gg011-Particles\Shaders\metaball.hlsli(92,26): warning X4000: use of potentially uninitialized variable (accOut)
d:\szecsi\GraphGame\Projects\gg011-Particles\Shaders\metaball.hlsli(96,3): warning X4000: use of potentially uninitialized variable (IMetaballTester::testFunction)
d:\szecsi\GraphGame\Projects\gg011-Particles\Shaders\metaball.hlsli(214,24): warning X4000: use of potentially uninitialized variable (Fresnel)
  
  compilation object save succeeded; see d:\szecsi\GraphGame\Projects\gg011-Particles\Shaders\psMetaballSBufferRealistic.cso
d:\szecsi\GraphGame\Projects\gg011-Particles\Shaders\metaball.hlsli(360,9-18): warning X3206: implicit truncation of vector type
d:\szecsi\GraphGame\Projects\gg011-Particles\Shaders\metaball.hlsli(399,13-51): warning X3206: implicit truncation of vector type
d:\szecsi\GraphGame\Projects\gg011-Particles\Shaders\metaball.hlsli(400,27-47): warning X3206: 'dot': implicit truncation of vector type
d:\szecsi\GraphGame\Projects\gg011-Particles\Shaders\metaball.hlsli(400,13-66): warning X3206: implicit truncation of vector type
d:\szecsi\GraphGame\Projects\gg011-Particles\Shaders\metaball.hlsli(401,13-109): warning X3206: implicit truncation of vector type
d:\szecsi\GraphGame\Projects\gg011-Particles\Shaders\metaball.hlsli(402,20-64): warning X3206: implicit truncation of vector type
d:\szecsi\GraphGame\Projects\gg011-Particles\Shaders\metaball.hlsli(407,13-57): warning X3206: implicit truncation of vector type
d:\szecsi\GraphGame\Projects\gg011-Particles\Shaders\metaball.hlsli(430,2-28): warning X3206: implicit truncation of vector type
d:\szecsi\GraphGame\Projects\gg011-Particles\Shaders\metaball.hlsli(465,20-53): warning X3203: signed/unsigned mismatch, unsigned assumed
d:\szecsi\GraphGame\Projects\gg011-Particles\Shaders\metaball.hlsli(531,5-64): warning X3206: implicit truncation of vector type
d:\szecsi\GraphGame\Projects\gg011-Particles\Shaders\metaball.hlsli(536,4-63): warning X3206: implicit truncation of vector type
d:\szecsi\GraphGame\Projects\gg011-Particles\Shaders\psParticleBall.hlsl(183,9-18): warning X3206: implicit truncation of vector type
d:\szecsi\GraphGame\Projects\gg011-Particles\Shaders\psParticleBall.hlsl(144,14-18): warning X3556: integer modulus may be much slower, try using uints if possible.
  
  compilation object save succeeded; see d:\szecsi\GraphGame\Projects\gg011-Particles\Shaders\psParticleBall.cso
d:\szecsi\GraphGame\Projects\gg011-Particles\Shaders\vsBillboard.hlsl(11,29-52): warning X3206: 'mul': implicit truncation of vector type
  
  compilation object save succeeded; see d:\szecsi\GraphGame\Projects\gg011-Particles\Shaders\vsBillboard.cso
d:\szecsi\GraphGame\Projects\gg011-Particles\Shaders\vsBillboardControl.hlsl(11,29-52): warning X3206: 'mul': implicit truncation of vector type
  
  compilation object save succeeded; see d:\szecsi\GraphGame\Projects\gg011-Particles\Shaders\vsBillboardControl.cso
  compilation object save succeeded; see d:\szecsi\GraphGame\Projects\gg011-Particles\Shaders\vsControlMeshFill.cso
d:\szecsi\GraphGame\Projects\gg011-Particles\Shaders\metaball.hlsli(360,9-18): warning X3206: implicit truncation of vector type
d:\szecsi\GraphGame\Projects\gg011-Particles\Shaders\metaball.hlsli(399,13-51): warning X3206: implicit truncation of vector type
d:\szecsi\GraphGame\Projects\gg011-Particles\Shaders\metaball.hlsli(400,27-47): warning X3206: 'dot': implicit truncation of vector type
d:\szecsi\GraphGame\Projects\gg011-Particles\Shaders\metaball.hlsli(400,13-66): warning X3206: implicit truncation of vector type
d:\szecsi\GraphGame\Projects\gg011-Particles\Shaders\metaball.hlsli(401,13-109): warning X3206: implicit truncation of vector type
d:\szecsi\GraphGame\Projects\gg011-Particles\Shaders\metaball.hlsli(402,20-64): warning X3206: implicit truncation of vector type
d:\szecsi\GraphGame\Projects\gg011-Particles\Shaders\metaball.hlsli(407,13-57): warning X3206: implicit truncation of vector type
d:\szecsi\GraphGame\Projects\gg011-Particles\Shaders\metaball.hlsli(430,2-28): warning X3206: implicit truncation of vector type
d:\szecsi\GraphGame\Projects\gg011-Particles\Shaders\metaball.hlsli(465,20-53): warning X3203: signed/unsigned mismatch, unsigned assumed
d:\szecsi\GraphGame\Projects\gg011-Particles\Shaders\metaball.hlsli(531,5-64): warning X3206: implicit truncation of vector type
d:\szecsi\GraphGame\Projects\gg011-Particles\Shaders\metaball.hlsli(536,4-63): warning X3206: implicit truncation of vector type
  
  compilation object save succeeded; see d:\szecsi\GraphGame\Projects\gg011-Particles\Shaders\vsMetaball.cso
  compilation object save succeeded; see d:\szecsi\GraphGame\Projects\gg011-Particles\Shaders\vsSkinning.cso
  compilation object save succeeded; see d:\szecsi\GraphGame\Projects\gg011-Particles\Shaders\vsTrafo.cso
d:\szecsi\GraphGame\Projects\gg011-Particles\Shaders\vsTrafoNorm.hlsl(26,2-25): warning X3206: implicit truncation of vector type
  
  compilation object save succeeded; see d:\szecsi\GraphGame\Projects\gg011-Particles\Shaders\vsTrafoNorm.cso
  main.cpp
D:\szecsi\GraphGame\Projects\Egg\Mesh\VertexStream.h(27,2): error C2516: 'Egg::Mesh::Geometry': is not a legal base class
D:\szecsi\GraphGame\Projects\Egg\Mesh\ShaderStageFlag.h(12): message : see declaration of 'Egg::Mesh::Geometry'
D:\szecsi\GraphGame\Projects\Egg\Mesh\Nothing.h(8,2): error C2516: 'Egg::Mesh::Geometry': is not a legal base class
D:\szecsi\GraphGame\Projects\Egg\Mesh\ShaderStageFlag.h(12): message : see declaration of 'Egg::Mesh::Geometry'
D:\szecsi\GraphGame\Projects\Egg\Math\float1.h(167,2): warning C4244: 'argument': conversion from 'float' to 'int', possible loss of data
D:\szecsi\GraphGame\Projects\Egg\Math\float1.h(171,2): warning C4244: 'argument': conversion from 'float' to 'int', possible loss of data
D:\szecsi\GraphGame\Projects\Egg\Math\float2.h(203,2): warning C4244: 'argument': conversion from 'float' to 'int', possible loss of data
D:\szecsi\GraphGame\Projects\Egg\Math\float2.h(207,2): warning C4244: 'argument': conversion from 'float' to 'int', possible loss of data
D:\szecsi\GraphGame\Projects\Egg\Math\float3.h(312,2): warning C4244: 'argument': conversion from 'float' to 'int', possible loss of data
D:\szecsi\GraphGame\Projects\Egg\Math\float3.h(316,2): warning C4244: 'argument': conversion from 'float' to 'int', possible loss of data
D:\szecsi\GraphGame\Projects\Egg\Math\float3.h(432,48): warning C4244: 'argument': conversion from 'int' to 'float', possible loss of data
D:\szecsi\GraphGame\Projects\Egg\Math\float3.h(432,34): warning C4244: 'argument': conversion from 'int' to 'float', possible loss of data
D:\szecsi\GraphGame\Projects\Egg\Math\float3.h(432,20): warning C4244: 'argument': conversion from 'int' to 'float', possible loss of data
D:\szecsi\GraphGame\Projects\Egg\Math\float4.h(408,18): warning C4244: 'initializing': conversion from 'int' to 'float', possible loss of data
D:\szecsi\GraphGame\Projects\Egg\Math\float4.h(408,25): warning C4244: 'initializing': conversion from 'int' to 'float', possible loss of data
D:\szecsi\GraphGame\Projects\Egg\Math\float4.h(408,32): warning C4244: 'initializing': conversion from 'int' to 'float', possible loss of data
D:\szecsi\GraphGame\Projects\Egg\Math\float4.h(408,39): warning C4244: 'initializing': conversion from 'int' to 'float', possible loss of data
D:\szecsi\GraphGame\Projects\Egg\Math\float4.h(544,2): warning C4244: 'argument': conversion from 'float' to 'int', possible loss of data
D:\szecsi\GraphGame\Projects\Egg\Math\float4.h(548,2): warning C4244: 'argument': conversion from 'float' to 'int', possible loss of data
D:\szecsi\GraphGame\Projects\Egg\Math\float4.h(664,62): warning C4244: 'argument': conversion from 'int' to 'float', possible loss of data
D:\szecsi\GraphGame\Projects\Egg\Math\float4.h(664,48): warning C4244: 'argument': conversion from 'int' to 'float', possible loss of data
D:\szecsi\GraphGame\Projects\Egg\Math\float4.h(664,34): warning C4244: 'argument': conversion from 'int' to 'float', possible loss of data
D:\szecsi\GraphGame\Projects\Egg\Math\float4.h(664,20): warning C4244: 'argument': conversion from 'int' to 'float', possible loss of data
D:\szecsi\GraphGame\Projects\Egg\Math\float4x4.h(297,19): warning C4244: 'initializing': conversion from 'double' to 'float', possible loss of data
D:\szecsi\GraphGame\Projects\Egg\Math\math.h(31,9): warning C4615: #pragma warning: unknown user warning type
d:\szecsi\GraphGame\Projects\gg011-Particles\Particle.h(21,1): warning C4305: 'argument': truncation from 'double' to 'float'
d:\szecsi\GraphGame\Projects\gg011-Particles\Particle.h(22,1): warning C4305: '+=': truncation from 'double' to 'float'
d:\szecsi\GraphGame\Projects\gg011-Particles\main.cpp(128,16): warning C4244: 'argument': conversion from 'UINT' to 'FLOAT', possible loss of data
d:\szecsi\GraphGame\Projects\gg011-Particles\main.cpp(127,16): warning C4244: 'argument': conversion from 'UINT' to 'FLOAT', possible loss of data
d:\szecsi\GraphGame\Projects\gg011-Particles\main.cpp(191,13): warning C4244: 'argument': conversion from 'LONG' to 'FLOAT', possible loss of data
d:\szecsi\GraphGame\Projects\gg011-Particles\main.cpp(190,12): warning C4244: 'argument': conversion from 'LONG' to 'FLOAT', possible loss of data
