  App.cpp
App\App.cpp(1): fatal error C1083: Cannot open include file: 'stdafx.h': No such file or directory
  SystemEnvironment.cpp
App\SystemEnvironment.cpp(1): fatal error C1083: Cannot open include file: 'stdafx.h': No such file or directory
  UtfConverter.cpp
App\UtfConverter.cpp(1): fatal error C1083: Cannot open include file: 'stdafx.h': No such file or directory
  FirstPerson.cpp
Cam\FirstPerson.cpp(1): fatal error C1083: Cannot open include file: 'stdafx.h': No such file or directory
  constants.cpp
Math\constants.cpp(1): fatal error C1083: Cannot open include file: 'stdafx.h': No such file or directory
  Flip.cpp
Mesh\Flip.cpp(1): fatal error C1083: Cannot open include file: 'stdafx.h': No such file or directory
  GeometryLoader.cpp
Mesh\GeometryLoader.cpp(1): fatal error C1083: Cannot open include file: 'stdafx.h': No such file or directory
  Importer.cpp
Mesh\Importer.cpp(1): fatal error C1083: Cannot open include file: 'stdafx.h': No such file or directory
  Indexed.cpp
Mesh\Indexed.cpp(1): fatal error C1083: Cannot open include file: 'stdafx.h': No such file or directory
  InputBinder.cpp
Mesh\InputBinder.cpp(1): fatal error C1083: Cannot open include file: 'stdafx.h': No such file or directory
  Instanced.cpp
Mesh\Instanced.cpp(1): fatal error C1083: Cannot open include file: 'stdafx.h': No such file or directory
  Material.cpp
Mesh\Material.cpp(1): fatal error C1083: Cannot open include file: 'stdafx.h': No such file or directory
  Mien.cpp
Mesh\Mien.cpp(1): fatal error C1083: Cannot open include file: 'stdafx.h': No such file or directory
  Multi.cpp
Mesh\Multi.cpp(1): fatal error C1083: Cannot open include file: 'stdafx.h': No such file or directory
  Nothing.cpp
Mesh\Nothing.cpp(1): fatal error C1083: Cannot open include file: 'stdafx.h': No such file or directory
  Shaded.cpp
Mesh\Shaded.cpp(1): fatal error C1083: Cannot open include file: 'stdafx.h': No such file or directory
  Shader.cpp
Mesh\Shader.cpp(1): fatal error C1083: Cannot open include file: 'stdafx.h': No such file or directory
  ShaderReflectionGUID.cpp
  VertexStream.cpp
Mesh\VertexStream.cpp(1): fatal error C1083: Cannot open include file: 'stdafx.h': No such file or directory
  DDSTextureLoader.cpp
  Compiling...
  Entity.cpp
Scene\Entity.cpp(1): fatal error C1083: Cannot open include file: 'stdafx.h': No such file or directory
  FixedRigidBody.cpp
Scene\FixedRigidBody.cpp(1): fatal error C1083: Cannot open include file: 'stdafx.h': No such file or directory
  ManagerApp.cpp
Scene\ManagerApp.cpp(1): fatal error C1083: Cannot open include file: 'stdafx.h': No such file or directory
  RigidBody.cpp
Scene\RigidBody.cpp(1): fatal error C1083: Cannot open include file: 'stdafx.h': No such file or directory
  stdafx.cpp
